<?xml version="1.0" encoding="UTF-8"?>
<!-- Generated by org.testng.reporters.JUnitXMLReporter -->
<testsuite ignored="3" hostname="LAPTOP-5KMFOFH9" failures="4" tests="5" name="Test(failed)" time="7.085" errors="0" timestamp="2024-09-05T21:31:46 IST">
  <testcase classname="com.TestNGFramework.TestNGDemo7_Assertion" name="testSoftAssetion" time="0.029">
    <failure type="java.lang.AssertionError" message="Test Fail: Numbers are not equal expected [200] but found [100]">
      <![CDATA[java.lang.AssertionError: Test Fail: Numbers are not equal expected [200] but found [100]
at com.TestNGFramework.TestNGDemo7_Assertion.testSoftAssetion(TestNGDemo7_Assertion.java:38)
at java.base/java.util.ArrayList.forEach(ArrayList.java:1511)
... Removed 33 stack frames]]>
    </failure>
  </testcase> <!-- testSoftAssetion -->
  <testcase classname="com.TestNGFramework.TestNGDemo5_timeouts" name="testExecutionTimeOut" time="3.013">
    <failure type="org.testng.internal.thread.ThreadTimeoutException" message="Method com.TestNGFramework.TestNGDemo5_timeouts.testExecutionTimeOut() didn&amp;apos;t finish within the time-out 3000">
      <![CDATA[org.testng.internal.thread.ThreadTimeoutException: Method com.TestNGFramework.TestNGDemo5_timeouts.testExecutionTimeOut() didn't finish within the time-out 3000
at java.base@17.0.2/java.lang.Thread.sleep(Native Method)
at app//com.TestNGFramework.TestNGDemo5_timeouts.testExecutionTimeOut(TestNGDemo5_timeouts.java:21)
at java.base@17.0.2/java.util.concurrent.FutureTask.run(FutureTask.java:264)
at java.base@17.0.2/java.util.concurrent.ThreadPoolExecutor.runWorker(ThreadPoolExecutor.java:1136)
at java.base@17.0.2/java.util.concurrent.ThreadPoolExecutor$Worker.run(ThreadPoolExecutor.java:635)
at java.base@17.0.2/java.lang.Thread.run(Thread.java:833)
... Removed 8 stack frames]]>
    </failure>
  </testcase> <!-- testExecutionTimeOut -->
  <testcase classname="com.TestNGFramework.TestNGDemo8_DependsOnMethod" name="registerTest" time="0.003">
    <failure type="java.lang.AssertionError" message="not Register! expected:&amp;lt;Register!&amp;gt; but was:&amp;lt;TestFail: User is not register!&amp;gt;">
      <![CDATA[java.lang.AssertionError: not Register! expected:<Register!> but was:<TestFail: User is not register!>
at com.TestNGFramework.TestNGDemo8_DependsOnMethod.registerTest(TestNGDemo8_DependsOnMethod.java:22)
at java.base/java.util.ArrayList.forEach(ArrayList.java:1511)
... Removed 28 stack frames]]>
    </failure>
  </testcase> <!-- registerTest -->
  <testcase classname="com.TestNGFramework.TestNGDemo8_DependsOnMethod" name="loginTest" time="0.0">
    <skipped/>
  </testcase> <!-- loginTest -->
  <testcase classname="com.TestNGFramework.TestNGDemo6_AssertionTest_Google" name="verifyGoogleTitle" time="3.944">
    <failure type="java.lang.AssertionError" message="Google expected:&amp;lt;Google&amp;gt; but was:&amp;lt;Test Fail: Title is not matched!&amp;gt;">
      <![CDATA[java.lang.AssertionError: Google expected:<Google> but was:<Test Fail: Title is not matched!>
at com.TestNGFramework.TestNGDemo6_AssertionTest_Google.verifyGoogleTitle(TestNGDemo6_AssertionTest_Google.java:20)
at java.base/java.util.ArrayList.forEach(ArrayList.java:1511)
... Removed 28 stack frames]]>
    </failure>
  </testcase> <!-- verifyGoogleTitle -->
  <testcase classname="com.TestNGFramework.TestNGDemo7_Assertion" name="testHardAssertion" time="0.0">
    <ignored/>
  </testcase> <!-- testHardAssertion -->
  <testcase classname="com.TestNGFramework.TestNGDemo8_DependsOnMethod" name="configuration" time="0.0">
    <ignored/>
  </testcase> <!-- configuration -->
  <testcase classname="com.TestNGFramework.TestNGDemo5_timeouts" name="sampleTest" time="0.0">
    <ignored/>
  </testcase> <!-- sampleTest -->
</testsuite> <!-- Test(failed) -->
